This is pdfTeX, Version 3.14159265-2.6-1.40.16 (TeX Live 2015) (preloaded format=pdflatex 2015.8.16)  15 SEP 2015 19:10
entering extended mode
 restricted \write18 enabled.
 %&-line parsing enabled.
**sig-alternate-sample.tex
(./sig-alternate-sample.tex
LaTeX2e <2015/01/01> patch level 2
Babel <3.9m> and hyphenation patterns for 79 languages loaded.
(./sig-alternate.cls
(/usr/local/texlive/2015/texmf-dist/tex/latex/graphics/epsfig.sty
Package: epsfig 1999/02/16 v1.7a (e)psfig emulation (SPQR)

(/usr/local/texlive/2015/texmf-dist/tex/latex/graphics/graphicx.sty
Package: graphicx 2014/10/28 v1.0g Enhanced LaTeX Graphics (DPC,SPQR)

(/usr/local/texlive/2015/texmf-dist/tex/latex/graphics/keyval.sty
Package: keyval 2014/10/28 v1.15 key=value parser (DPC)
\KV@toks@=\toks14
)
(/usr/local/texlive/2015/texmf-dist/tex/latex/graphics/graphics.sty
Package: graphics 2014/10/28 v1.0p Standard LaTeX Graphics (DPC,SPQR)

(/usr/local/texlive/2015/texmf-dist/tex/latex/graphics/trig.sty
Package: trig 1999/03/16 v1.09 sin cos tan (DPC)
)
(/usr/local/texlive/2015/texmf-dist/tex/latex/latexconfig/graphics.cfg
File: graphics.cfg 2010/04/23 v1.9 graphics configuration of TeX Live
)
Package graphics Info: Driver file: pdftex.def on input line 94.

(/usr/local/texlive/2015/texmf-dist/tex/latex/pdftex-def/pdftex.def
File: pdftex.def 2011/05/27 v0.06d Graphics/color for pdfTeX

(/usr/local/texlive/2015/texmf-dist/tex/generic/oberdiek/infwarerr.sty
Package: infwarerr 2010/04/08 v1.3 Providing info/warning/error messages (HO)
)
(/usr/local/texlive/2015/texmf-dist/tex/generic/oberdiek/ltxcmds.sty
Package: ltxcmds 2011/11/09 v1.22 LaTeX kernel commands for general use (HO)
)
\Gread@gobject=\count79
))
\Gin@req@height=\dimen102
\Gin@req@width=\dimen103
)
\epsfxsize=\dimen104
\epsfysize=\dimen105
)
(/usr/local/texlive/2015/texmf-dist/tex/latex/amsfonts/amssymb.sty
Package: amssymb 2013/01/14 v3.01 AMS font symbols

(/usr/local/texlive/2015/texmf-dist/tex/latex/amsfonts/amsfonts.sty
Package: amsfonts 2013/01/14 v3.01 Basic AMSFonts support
\@emptytoks=\toks15
\symAMSa=\mathgroup4
\symAMSb=\mathgroup5
LaTeX Font Info:    Overwriting math alphabet `\mathfrak' in version `bold'
(Font)                  U/euf/m/n --> U/euf/b/n on input line 106.
))
(/usr/local/texlive/2015/texmf-dist/tex/latex/amsmath/amsmath.sty
Package: amsmath 2013/01/14 v2.14 AMS math features
\@mathmargin=\skip41

For additional information on amsmath, use the `?' option.
(/usr/local/texlive/2015/texmf-dist/tex/latex/amsmath/amstext.sty
Package: amstext 2000/06/29 v2.01

(/usr/local/texlive/2015/texmf-dist/tex/latex/amsmath/amsgen.sty
File: amsgen.sty 1999/11/30 v2.0
\@emptytoks=\toks16
\ex@=\dimen106
))
(/usr/local/texlive/2015/texmf-dist/tex/latex/amsmath/amsbsy.sty
Package: amsbsy 1999/11/29 v1.2d
\pmbraise@=\dimen107
)
(/usr/local/texlive/2015/texmf-dist/tex/latex/amsmath/amsopn.sty
Package: amsopn 1999/12/14 v2.01 operator names
)
\inf@bad=\count80
LaTeX Info: Redefining \frac on input line 210.
\uproot@=\count81
\leftroot@=\count82
LaTeX Info: Redefining \overline on input line 306.
\classnum@=\count83
\DOTSCASE@=\count84
LaTeX Info: Redefining \ldots on input line 378.
LaTeX Info: Redefining \dots on input line 381.
LaTeX Info: Redefining \cdots on input line 466.
\Mathstrutbox@=\box26
\strutbox@=\box27
\big@size=\dimen108
LaTeX Font Info:    Redeclaring font encoding OML on input line 566.
LaTeX Font Info:    Redeclaring font encoding OMS on input line 567.
\macc@depth=\count85
\c@MaxMatrixCols=\count86
\dotsspace@=\muskip10
\c@parentequation=\count87
\dspbrk@lvl=\count88
\tag@help=\toks17
\row@=\count89
\column@=\count90
\maxfields@=\count91
\andhelp@=\toks18
\eqnshift@=\dimen109
\alignsep@=\dimen110
\tagshift@=\dimen111
\tagwidth@=\dimen112
\totwidth@=\dimen113
\lineht@=\dimen114
\@envbody=\toks19
\multlinegap=\skip42
\multlinetaggap=\skip43
\mathdisplay@stack=\toks20
LaTeX Info: Redefining \[ on input line 2665.
LaTeX Info: Redefining \] on input line 2666.
)
(/usr/local/texlive/2015/texmf-dist/tex/latex/listings/listings.sty
\lst@mode=\count92
\lst@gtempboxa=\box28
\lst@token=\toks21
\lst@length=\count93
\lst@currlwidth=\dimen115
\lst@column=\count94
\lst@pos=\count95
\lst@lostspace=\dimen116
\lst@width=\dimen117
\lst@newlines=\count96
\lst@lineno=\count97
\abovecaptionskip=\skip44
\belowcaptionskip=\skip45
\lst@maxwidth=\dimen118

(/usr/local/texlive/2015/texmf-dist/tex/latex/listings/lstmisc.sty
File: lstmisc.sty 2015/06/04 1.6 (Carsten Heinz)
\c@lstnumber=\count98
\lst@skipnumbers=\count99
\lst@framebox=\box29
)
(/usr/local/texlive/2015/texmf-dist/tex/latex/listings/listings.cfg
File: listings.cfg 2015/06/04 1.6 listings configuration
))
Package: listings 2015/06/04 1.6 (Carsten Heinz)

(/usr/local/texlive/2015/texmf-dist/tex/latex/caption/caption.sty
Package: caption 2013/05/02 v3.3-89 Customizing captions (AR)

(/usr/local/texlive/2015/texmf-dist/tex/latex/caption/caption3.sty
Package: caption3 2013/05/02 v1.6-88 caption3 kernel (AR)
Package caption3 Info: TeX engine: e-TeX on input line 57.
\captionmargin=\dimen119
\captionmargin@=\dimen120
\captionwidth=\dimen121
\caption@tempdima=\dimen122
\caption@indent=\dimen123
\caption@parindent=\dimen124
\caption@hangindent=\dimen125
)
\c@ContinuedFloat=\count100
Package caption Info: listings package is loaded.
)
(/usr/local/texlive/2015/texmf-dist/tex/latex/caption/subcaption.sty
Package: subcaption 2013/02/03 v1.1-62 Sub-captions (AR)
)
Document Class 'sig-alternate' <9th June '13>. Modified by G.K.M. Tobin/Gerry M
urray/Boris Veytsman
Based in part upon document Style `acmconf' <22 May 89>. Hacked 4/91 by
shivers@cs.cmu.edu, 4/93 by theobald@cs.mcgill.ca
Excerpts were taken from (Journal Style) 'esub2acm.cls'.
****** Bugs/comments/suggestions/technicalities to Gerry Murray -- murray@hq.ac
m.org ******
Questions on the style, SIGS policies, etc. to Adrienne Griscti griscti@acm.org

(/usr/local/texlive/2015/texmf-dist/tex/latex/comment/comment.sty
\CommentStream=\write3

Excluding comment 'comment') Excluding comment 'CCSXML'
\footheight=\dimen126
\@maxsep=\dimen127
\@dblmaxsep=\dimen128
\aucount=\count101
\originalaucount=\count102
\auwidth=\dimen129
\auskip=\dimen130
\auskipcount=\count103
\auskip=\dimen131
\allauboxes=\dimen132
\addauthors=\toks22
\addauflag=\count104
\subtitletext=\toks23
\savesection=\count105
\sectioncntr=\count106
\c@figure=\count107
\c@table=\count108
\titleboxnotes=\toks24
\titleboxnoteflag=\count109

Document Class: sig-alternate 2013/05/12 v2.7 based on acmproc.cls V1.3 <Nov. 3
0 '99>
(/usr/local/texlive/2015/texmf-dist/tex/latex/base/latexsym.sty
Package: latexsym 1998/08/17 v2.2e Standard LaTeX package (lasy symbols)
\symlasy=\mathgroup6
LaTeX Font Info:    Overwriting symbol font `lasy' in version `bold'
(Font)                  U/lasy/m/n --> U/lasy/b/n on input line 52.
)
\@acmtitlebox=\box30
\titlenotecount=\count110
\tntoks=\toks25
\tntokstwo=\toks26
\tntoksthree=\toks27
\tntoksfour=\toks28
\tntoksfive=\toks29
\catcount=\count111
\copyrightnotice=\toks30
\conf=\toks31
\confinfo=\toks32
\c@part=\count112
\c@section=\count113
\c@subsection=\count114
\c@subsubsection=\count115
\c@paragraph=\count116

Using 'Abbrev' bibliography style
LaTeX Info: Redefining \cite on input line 1274.
\bibindent=\dimen133
\colcntr=\count117
\saveb@x=\box31
\copyrtyr=\toks33
\acmcopyr=\toks34
\boilerplate=\toks35
(/usr/local/texlive/2015/texmf-dist/tex/latex/url/url.sty
\Urlmuskip=\muskip11
Package: url 2013/09/16  ver 3.4  Verb mode for urls, etc.
) (./waccopyright.sty
Package: waccopyright 2014/06/29 v1.2 Copyright statemens for ACM classes

(/usr/local/texlive/2015/texmf-dist/tex/latex/xkeyval/xkeyval.sty
Package: xkeyval 2014/12/03 v2.7a package option processing (HA)

(/usr/local/texlive/2015/texmf-dist/tex/generic/xkeyval/xkeyval.tex
(/usr/local/texlive/2015/texmf-dist/tex/generic/xkeyval/xkvutils.tex
\XKV@toks=\toks36
\XKV@tempa@toks=\toks37
)
\XKV@depth=\count118
File: xkeyval.tex 2014/12/03 v2.7a key=value parser (HA)
)))
\copyrightetc=\toks38

(/usr/local/texlive/2015/texmf-dist/tex/latex/base/fontenc.sty
Package: fontenc 2005/09/27 v1.99g Standard LaTeX package

(/usr/local/texlive/2015/texmf-dist/tex/latex/base/t1enc.def
File: t1enc.def 2005/09/27 v1.99g Standard LaTeX file
LaTeX Font Info:    Redeclaring font encoding T1 on input line 48.
)
LaTeX Font Info:    Try loading font information for T1+aer on input line 105.

(/usr/local/texlive/2015/texmf-dist/tex/latex/ae/t1aer.fd
File: t1aer.fd 1997/11/16 Font definitions for T1/aer.
))
LaTeX Info: Redefining \ttfamily on input line 1569.
)
(./sig-alternate-sample.aux)
\openout1 = `sig-alternate-sample.aux'.

LaTeX Font Info:    Checking defaults for OML/cmm/m/it on input line 52.
LaTeX Font Info:    ... okay on input line 52.
LaTeX Font Info:    Checking defaults for T1/cmr/m/n on input line 52.
LaTeX Font Info:    ... okay on input line 52.
LaTeX Font Info:    Checking defaults for OT1/cmr/m/n on input line 52.
LaTeX Font Info:    ... okay on input line 52.
LaTeX Font Info:    Checking defaults for OMS/cmsy/m/n on input line 52.
LaTeX Font Info:    ... okay on input line 52.
LaTeX Font Info:    Checking defaults for OMX/cmex/m/n on input line 52.
LaTeX Font Info:    ... okay on input line 52.
LaTeX Font Info:    Checking defaults for U/cmr/m/n on input line 52.
LaTeX Font Info:    ... okay on input line 52.

(/usr/local/texlive/2015/texmf-dist/tex/context/base/supp-pdf.mkii
[Loading MPS to PDF converter (version 2006.09.02).]
\scratchcounter=\count119
\scratchdimen=\dimen134
\scratchbox=\box32
\nofMPsegments=\count120
\nofMParguments=\count121
\everyMPshowfont=\toks39
\MPscratchCnt=\count122
\MPscratchDim=\dimen135
\MPnumerator=\count123
\makeMPintoPDFobject=\count124
\everyMPtoPDFconversion=\toks40
) (/usr/local/texlive/2015/texmf-dist/tex/generic/oberdiek/pdftexcmds.sty
Package: pdftexcmds 2011/11/29 v0.20 Utility functions of pdfTeX for LuaTeX (HO
)

(/usr/local/texlive/2015/texmf-dist/tex/generic/oberdiek/ifluatex.sty
Package: ifluatex 2010/03/01 v1.3 Provides the ifluatex switch (HO)
Package ifluatex Info: LuaTeX not detected.
)
(/usr/local/texlive/2015/texmf-dist/tex/generic/oberdiek/ifpdf.sty
Package: ifpdf 2011/01/30 v2.3 Provides the ifpdf switch (HO)
Package ifpdf Info: pdfTeX in PDF mode is detected.
)
Package pdftexcmds Info: LuaTeX not detected.
Package pdftexcmds Info: \pdf@primitive is available.
Package pdftexcmds Info: \pdf@ifprimitive is available.
Package pdftexcmds Info: \pdfdraftmode found.
)
(/usr/local/texlive/2015/texmf-dist/tex/latex/oberdiek/epstopdf-base.sty
Package: epstopdf-base 2010/02/09 v2.5 Base part for package epstopdf

(/usr/local/texlive/2015/texmf-dist/tex/latex/oberdiek/grfext.sty
Package: grfext 2010/08/19 v1.1 Manage graphics extensions (HO)

(/usr/local/texlive/2015/texmf-dist/tex/generic/oberdiek/kvdefinekeys.sty
Package: kvdefinekeys 2011/04/07 v1.3 Define keys (HO)
))
(/usr/local/texlive/2015/texmf-dist/tex/latex/oberdiek/kvoptions.sty
Package: kvoptions 2011/06/30 v3.11 Key value format for package options (HO)

(/usr/local/texlive/2015/texmf-dist/tex/generic/oberdiek/kvsetkeys.sty
Package: kvsetkeys 2012/04/25 v1.16 Key value parser (HO)

(/usr/local/texlive/2015/texmf-dist/tex/generic/oberdiek/etexcmds.sty
Package: etexcmds 2011/02/16 v1.5 Avoid name clashes with e-TeX commands (HO)
Package etexcmds Info: Could not find \expanded.
(etexcmds)             That can mean that you are not using pdfTeX 1.50 or
(etexcmds)             that some package has redefined \expanded.
(etexcmds)             In the latter case, load this package earlier.
)))
Package grfext Info: Graphics extension search list:
(grfext)             [.png,.pdf,.jpg,.mps,.jpeg,.jbig2,.jb2,.PNG,.PDF,.JPG,.JPE
G,.JBIG2,.JB2,.eps]
(grfext)             \AppendGraphicsExtensions on input line 452.

(/usr/local/texlive/2015/texmf-dist/tex/latex/latexconfig/epstopdf-sys.cfg
File: epstopdf-sys.cfg 2010/07/13 v1.3 Configuration of (r)epstopdf for TeX Liv
e
))
\c@lstlisting=\count125
Package caption Info: Begin \AtBeginDocument code.
Package caption Info: End \AtBeginDocument code.
LaTeX Font Info:    Try loading font information for U+msa on input line 146.

(/usr/local/texlive/2015/texmf-dist/tex/latex/amsfonts/umsa.fd
File: umsa.fd 2013/01/14 v3.01 AMS symbols A
)
LaTeX Font Info:    Try loading font information for U+msb on input line 146.

(/usr/local/texlive/2015/texmf-dist/tex/latex/amsfonts/umsb.fd
File: umsb.fd 2013/01/14 v3.01 AMS symbols B
)
LaTeX Font Info:    Try loading font information for U+lasy on input line 146.

(/usr/local/texlive/2015/texmf-dist/tex/latex/base/ulasy.fd
File: ulasy.fd 1998/08/17 v2.2e LaTeX symbol font definitions
)
LaTeX Font Info:    Try loading font information for T1+ptm on input line 146.

(/usr/local/texlive/2015/texmf-dist/tex/latex/psnfss/t1ptm.fd
File: t1ptm.fd 2001/06/04 font definitions for T1/ptm.
)
<cc.png, id=1, 66.2475pt x 23.33719pt>
File: cc.png Graphic file (type png)
 <use cc.png>
Package pdftex.def Info: cc.png used on input line 146.
(pdftex.def)             Requested size: 25.83641pt x 9.10146pt.
LaTeX Font Info:    Try loading font information for OMS+ptm on input line 146.


(/usr/local/texlive/2015/texmf-dist/tex/latex/psnfss/omsptm.fd
File: omsptm.fd 
)
LaTeX Font Info:    Font shape `OMS/ptm/m/n' in size <7> not available
(Font)              Font shape `OMS/cmsy/m/n' tried instead on input line 146.

Overfull \hbox (2.77753pt too wide) in paragraph at lines 150--152
\T1/aer/m/n/9 tween real time (sec-onds) and score time (beats), us-ing tempo
 []


Overfull \hbox (4.77808pt too wide) in paragraph at lines 206--207
[]\T1/aer/m/n/9 Mainstream Dig-i-tal Au-dio Work-sta-tions (DAW), both com-
 []

<ableton-tempo-automation.png, id=2, 1505.625pt x 200.75pt>
File: ableton-tempo-automation.png Graphic file (type png)

<use ableton-tempo-automation.png>
Package pdftex.def Info: ableton-tempo-automation.png used on input line 211.
(pdftex.def)             Requested size: 505.89pt x 67.45152pt.

Overfull \hbox (1.89pt too wide) in paragraph at lines 211--212
 [][] 
 []


Overfull \hbox (6.86583pt too wide) in paragraph at lines 221--222
[]\T1/aer/bx/n/9 Seamless tempo ma-nip-u-la-tion: \T1/aer/m/n/9 the de-vel-oper
 should
 []


Overfull \hbox (5.36931pt too wide) in paragraph at lines 223--224
\T1/aer/m/n/9 self-contained, with no need to in-clude ex-ter-nal li-braries. 
 []

[1{/usr/local/texlive/2015/texmf-var/fonts/map/pdftex/updmap/pdftex.map}


 <./cc.png>]
! Undefined control sequence.
l.270 	\subfloat
                (a) \includegraphics[width=1.4in]{eps/constant-bpm}
? 
Package epstopdf Info: Source file: <eps/constant-bpm.eps>
(epstopdf)                    date: 2015-09-09 17:31:31
(epstopdf)                    size: 14458 bytes
(epstopdf)             Output file: <eps/constant-bpm-eps-converted-to.pdf>
(epstopdf)                    date: 2015-09-09 17:42:42
(epstopdf)                    size: 5486 bytes
(epstopdf)             Command: <repstopdf --outfile=eps/constant-bpm-eps-conve
rted-to.pdf eps/constant-bpm.eps>
(epstopdf)             \includegraphics on input line 270.
Package epstopdf Info: Output file is already uptodate.
<eps/constant-bpm-eps-converted-to.pdf, id=21, 232.87pt x 168.63pt>
File: eps/constant-bpm-eps-converted-to.pdf Graphic file (type pdf)

<use eps/constant-bpm-eps-converted-to.pdf>
Package pdftex.def Info: eps/constant-bpm-eps-converted-to.pdf used on input li
ne 270.
(pdftex.def)             Requested size: 101.17755pt x 73.26596pt.

! Undefined control sequence.
l.271 	\subfloat
                (b) \includegraphics[width=1.4in]{eps/step-bpm}
? 
Package epstopdf Info: Source file: <eps/step-bpm.eps>
(epstopdf)                    date: 2015-09-09 17:32:05
(epstopdf)                    size: 14643 bytes
(epstopdf)             Output file: <eps/step-bpm-eps-converted-to.pdf>
(epstopdf)                    date: 2015-09-09 17:42:42
(epstopdf)                    size: 5520 bytes
(epstopdf)             Command: <repstopdf --outfile=eps/step-bpm-eps-converted
-to.pdf eps/step-bpm.eps>
(epstopdf)             \includegraphics on input line 271.
Package epstopdf Info: Output file is already uptodate.
<eps/step-bpm-eps-converted-to.pdf, id=22, 232.87pt x 168.63pt>
File: eps/step-bpm-eps-converted-to.pdf Graphic file (type pdf)

<use eps/step-bpm-eps-converted-to.pdf>
Package pdftex.def Info: eps/step-bpm-eps-converted-to.pdf used on input line 2
71.
(pdftex.def)             Requested size: 101.17755pt x 73.26596pt.

! Undefined control sequence.
l.272 	\subfloat
                (c) \includegraphics[width=1.4in]{eps/aprox-bpm}
? 
Package epstopdf Info: Source file: <eps/aprox-bpm.eps>
(epstopdf)                    date: 2015-09-09 17:31:14
(epstopdf)                    size: 16429 bytes
(epstopdf)             Output file: <eps/aprox-bpm-eps-converted-to.pdf>
(epstopdf)                    date: 2015-09-09 17:42:43
(epstopdf)                    size: 5714 bytes
(epstopdf)             Command: <repstopdf --outfile=eps/aprox-bpm-eps-converte
d-to.pdf eps/aprox-bpm.eps>
(epstopdf)             \includegraphics on input line 272.
Package epstopdf Info: Output file is already uptodate.
<eps/aprox-bpm-eps-converted-to.pdf, id=23, 232.87pt x 168.63pt>
File: eps/aprox-bpm-eps-converted-to.pdf Graphic file (type pdf)

<use eps/aprox-bpm-eps-converted-to.pdf>
Package pdftex.def Info: eps/aprox-bpm-eps-converted-to.pdf used on input line 
272.
(pdftex.def)             Requested size: 101.17755pt x 73.26596pt.

! Undefined control sequence.
l.273 	\subfloat
                (d) \includegraphics[width=1.4in]{eps/linear-bpm}
? 
Package epstopdf Info: Source file: <eps/linear-bpm.eps>
(epstopdf)                    date: 2015-09-09 17:31:47
(epstopdf)                    size: 14546 bytes
(epstopdf)             Output file: <eps/linear-bpm-eps-converted-to.pdf>
(epstopdf)                    date: 2015-09-09 17:42:43
(epstopdf)                    size: 5513 bytes
(epstopdf)             Command: <repstopdf --outfile=eps/linear-bpm-eps-convert
ed-to.pdf eps/linear-bpm.eps>
(epstopdf)             \includegraphics on input line 273.
Package epstopdf Info: Output file is already uptodate.
<eps/linear-bpm-eps-converted-to.pdf, id=24, 232.87pt x 168.63pt>
File: eps/linear-bpm-eps-converted-to.pdf Graphic file (type pdf)

<use eps/linear-bpm-eps-converted-to.pdf>
Package pdftex.def Info: eps/linear-bpm-eps-converted-to.pdf used on input line
 273.
(pdftex.def)             Requested size: 101.17755pt x 73.26596pt.

Underfull \hbox (badness 10000) in paragraph at lines 307--307
[][]\T1/aer/m/n/9 http://webaudio.github.io/web-audio-api/#the-
 []

[2 <./ableton-tempo-automation.png>] [3 <./eps/constant-bpm-eps-converted-to.pd
f> <./eps/step-bpm-eps-converted-to.pdf> <./eps/aprox-bpm-eps-converted-to.pdf>
 <./eps/linear-bpm-eps-converted-to.pdf>]
Overfull \hbox (1.96758pt too wide) in paragraph at lines 412--413
[]\T1/aer/m/n/9 in DAWs and DJ soft-ware, tempo maps are not changed
 []


Overfull \hbox (2.103pt too wide) in paragraph at lines 421--422
[]\T1/aer/m/it/9 add_tempo_marker(String type, Num-ber end-Beat, Num-
 []


Overfull \hbox (10.65219pt too wide) in paragraph at lines 421--422
\T1/aer/m/n/9 A and B, where $\OML/cmm/m/it/9 A:endBeat < B:endBeat$ $\OMS/cmsy
/m/n/9 ^$ $\OML/cmm/m/it/9 A:endBeat <
 []


Overfull \hbox (26.95334pt too wide) in paragraph at lines 423--424
[]\T1/aer/m/it/9 change_tempo_marker(Number old-End-Beat, Num-ber newEnd-
 []

<demo.png, id=58, 1505.625pt x 501.875pt>
File: demo.png Graphic file (type png)
 <use demo.png>
Package pdftex.def Info: demo.png used on input line 429.
(pdftex.def)             Requested size: 505.89pt x 168.62885pt.

Overfull \hbox (1.89pt too wide) in paragraph at lines 429--430
 [][] 
 []


Overfull \hbox (1.0627pt too wide) in paragraph at lines 440--441
[]\T1/aer/m/it/9 inverseIntegralFn(Number $\OML/cmm/m/it/9 b[]$\T1/aer/m/it/9 ,
 Num-ber $\OML/cmm/m/it/9 b[]$\T1/aer/m/it/9 , Num-ber $\OML/cmm/m/it/9 bP[]$\T
1/aer/m/it/9 ,
 []


Overfull \hbox (9.88487pt too wide) in paragraph at lines 451--452
\OML/cmm/m/it/9 A:endBeat < B:endBeat \OMS/cmsy/m/n/9 ^ \OML/cmm/m/it/9 A:endBe
at < b < B:endBeat$\T1/aer/m/n/9 .
 []


Overfull \hbox (13.3547pt too wide) in paragraph at lines 451--452
\T1/aer/m/n/9 search re-turns just a marker, then then $\OML/cmm/m/it/9 t\OT1/c
mr/m/n/9 (\OML/cmm/m/it/9 b\OT1/cmr/m/n/9 ) = \OML/cmm/m/it/9 A:endTime$\T1/aer
/m/n/9 . 
 []


Overfull \hbox (1.41158pt too wide) in paragraph at lines 462--463
[]\T1/aer/m/it/9 add_event_listener(String ob-serverId, String event-Type,
 []

[4]
Overfull \hbox (14.26242pt too wide) in paragraph at lines 476--477
\T1/aer/m/it/9 tempo-marker"\T1/aer/m/n/9 , \T1/aer/m/it/9 "remove-tempo-marker
" \T1/aer/m/n/9 or \T1/aer/m/it/9 "edit-tempo-marker"\T1/aer/m/n/9 .
 []


Overfull \hbox (6.44113pt too wide) in paragraph at lines 486--487
[]\T1/aer/m/it/9 startBeat\T1/aer/m/n/9 , \T1/aer/m/it/9 end-Beat\T1/aer/m/n/9 
: Num-bers stat-ing where does the marker
 []


Underfull \hbox (badness 10000) in paragraph at lines 486--487

 []


Underfull \hbox (badness 10000) in paragraph at lines 488--489

 []

LaTeX Font Info:    Try loading font information for OMS+aer on input line 499.

(/usr/local/texlive/2015/texmf-dist/tex/latex/ae/omsaer.fd
File: omsaer.fd 1999/12/27
)
LaTeX Font Info:    Font shape `OMS/aer/m/n' in size <9> not available
(Font)              Font shape `OMS/cmsy/m/n' tried instead on input line 499.

Overfull \hbox (20.6522pt too wide) in paragraph at lines 503--504
[][][][][][][][][][][][] 
 []


Overfull \hbox (15.10641pt too wide) in paragraph at lines 504--505
[][][][][][][][][][][][] 
 []


Overfull \hbox (20.6522pt too wide) in paragraph at lines 505--506
[][][][][][][][][][][][] 
 []


Overfull \hbox (15.10641pt too wide) in paragraph at lines 506--508
[][][][][][][][][][][][] 
 []


Overfull \hbox (37.28958pt too wide) in paragraph at lines 514--515
[][][][][][][][][][][][][][][][][][][][][] 
 []


Underfull \hbox (badness 10000) in paragraph at lines 523--523
[][]\T1/aer/m/n/9 https://github.com/echo66/bpm-
 []

[5 <./demo.png>]
Underfull \hbox (badness 10000) in paragraph at lines 527--527
[][]\T1/aer/m/n/9 https://github.com/echo66/OLA-
 []


Overfull \hbox (9.07103pt too wide) in paragraph at lines 541--542
\T1/aer/m/n/9 BPM-Time-line in projects like QTrac-tor [], Ar-dour and LMMS. 
 []

(./sig-alternate-sample.bbl) [6] (./sig-alternate-sample.aux) ) 
Here is how much of TeX's memory you used:
 5499 strings out of 493091
 79516 string characters out of 6134970
 165526 words of memory out of 5000000
 8840 multiletter control sequences out of 15000+600000
 56975 words of font info for 74 fonts, out of 8000000 for 9000
 1141 hyphenation exceptions out of 8191
 43i,10n,42p,1170b,1081s stack positions out of 5000i,500n,10000p,200000b,80000s
{/usr/local/texl
ive/2015/texmf-dist/fonts/enc/dvips/base/8r.enc}</usr/local/texlive/2015/texmf-
dist/fonts/type1/public/amsfonts/cm/cmbx9.pfb></usr/local/texlive/2015/texmf-di
st/fonts/type1/public/amsfonts/cm/cmbxti10.pfb></usr/local/texlive/2015/texmf-d
ist/fonts/type1/public/amsfonts/cmextra/cmex9.pfb></usr/local/texlive/2015/texm
f-dist/fonts/type1/public/amsfonts/cm/cmmi5.pfb></usr/local/texlive/2015/texmf-
dist/fonts/type1/public/amsfonts/cm/cmmi6.pfb></usr/local/texlive/2015/texmf-di
st/fonts/type1/public/amsfonts/cm/cmmi9.pfb></usr/local/texlive/2015/texmf-dist
/fonts/type1/public/amsfonts/cm/cmr5.pfb></usr/local/texlive/2015/texmf-dist/fo
nts/type1/public/amsfonts/cm/cmr6.pfb></usr/local/texlive/2015/texmf-dist/fonts
/type1/public/amsfonts/cm/cmr9.pfb></usr/local/texlive/2015/texmf-dist/fonts/ty
pe1/public/amsfonts/cm/cmsy6.pfb></usr/local/texlive/2015/texmf-dist/fonts/type
1/public/amsfonts/cm/cmsy7.pfb></usr/local/texlive/2015/texmf-dist/fonts/type1/
public/amsfonts/cm/cmsy9.pfb></usr/local/texlive/2015/texmf-dist/fonts/type1/pu
blic/amsfonts/cm/cmti9.pfb></usr/local/texlive/2015/texmf-dist/fonts/type1/urw/
helvetic/uhvb8a.pfb></usr/local/texlive/2015/texmf-dist/fonts/type1/urw/helveti
c/uhvr8a.pfb></usr/local/texlive/2015/texmf-dist/fonts/type1/urw/times/utmb8a.p
fb></usr/local/texlive/2015/texmf-dist/fonts/type1/urw/times/utmr8a.pfb></usr/l
ocal/texlive/2015/texmf-dist/fonts/type1/urw/times/utmri8a.pfb>
Output written on sig-alternate-sample.pdf (6 pages, 320250 bytes).
PDF statistics:
 126 PDF objects out of 1000 (max. 8388607)
 86 compressed objects within 1 object stream
 0 named destinations out of 1000 (max. 500000)
 36 words of extra memory for PDF output out of 10000 (max. 10000000)

